# JRE version: OpenJDK Runtime Environment Temurin-21.0.8+9 (21.0.8+9) (build 21.0.8+9-LTS)
# Java VM: OpenJDK 64-Bit Server VM Temurin-21.0.8+9 (21.0.8+9-LTS, mixed mode, sharing, tiered, compressed oops, compressed class ptrs, parallel gc, windows-amd64)
GC Precious Log:
 CardTable entry size: 512
 CPUs: 16 total, 16 available
 Memory: 16013M
 Large Page Support: Disabled
 NUMA Support: Disabled
 Compressed Oops: Enabled (32-bit)
 Alignments: Space 512K, Generation 512K, Heap 2M
 Heap Min Capacity: 100M
 Heap Initial Capacity: 100M
 Heap Max Capacity: 2G
 Pre-touch: Disabled
 Parallel Workers: 13
Heap:
 PSYoungGen      total 14848K, used 13089K [0x00000000d5580000, 0x00000000d6900000, 0x0000000100000000)
  eden space 13824K, 88% used [0x00000000d5580000,0x00000000d61704e0,0x00000000d6300000)
  from space 1024K, 84% used [0x00000000d6780000,0x00000000d6858000,0x00000000d6880000)
  to   space 512K, 0% used [0x00000000d6880000,0x00000000d6880000,0x00000000d6900000)
 ParOldGen       total 68608K, used 32026K [0x0000000080000000, 0x0000000084300000, 0x00000000d5580000)
  object space 68608K, 46% used [0x0000000080000000,0x0000000081f46b78,0x0000000084300000)
 Metaspace       used 44155K, committed 45376K, reserved 1114112K
  class space    used 4745K, committed 5312K, reserved 1048576K
GC Heap History (20 events):
Event: 2.892 GC heap before
{Heap before GC invocations=12 (full 1):
 PSYoungGen      total 25600K, used 25576K [0x00000000d5580000, 0x00000000d7400000, 0x0000000100000000)
  eden space 23040K, 100% used [0x00000000d5580000,0x00000000d6c00000,0x00000000d6c00000)
  from space 2560K, 99% used [0x00000000d7100000,0x00000000d737a2b0,0x00000000d7380000)
  to   space 4096K, 0% used [0x00000000d6c00000,0x00000000d6c00000,0x00000000d7000000)
 ParOldGen       total 68608K, used 13953K [0x0000000080000000, 0x0000000084300000, 0x00000000d5580000)
  object space 68608K, 20% used [0x0000000080000000,0x0000000080da05b8,0x0000000084300000)
 Metaspace       used 31358K, committed 32448K, reserved 1114112K
  class space    used 3100K, committed 3520K, reserved 1048576K
}
Event: 2.895 GC heap after
{Heap after GC invocations=12 (full 1):
 PSYoungGen      total 25088K, used 2257K [0x00000000d5580000, 0x00000000d7180000, 0x0000000100000000)
  eden space 22528K, 0% used [0x00000000d5580000,0x00000000d5580000,0x00000000d6b80000)
  from space 2560K, 88% used [0x00000000d6c00000,0x00000000d6e34740,0x00000000d6e80000)
  to   space 3072K, 0% used [0x00000000d6e80000,0x00000000d6e80000,0x00000000d7180000)
 ParOldGen       total 68608K, used 16480K [0x0000000080000000, 0x0000000084300000, 0x00000000d5580000)
  object space 68608K, 24% used [0x0000000080000000,0x0000000081018090,0x0000000084300000)
 Metaspace       used 31358K, committed 32448K, reserved 1114112K
  class space    used 3100K, committed 3520K, reserved 1048576K
}
Event: 3.023 GC heap before
{Heap before GC invocations=13 (full 1):
 PSYoungGen      total 25088K, used 24785K [0x00000000d5580000, 0x00000000d7180000, 0x0000000100000000)
  eden space 22528K, 100% used [0x00000000d5580000,0x00000000d6b80000,0x00000000d6b80000)
  from space 2560K, 88% used [0x00000000d6c00000,0x00000000d6e34740,0x00000000d6e80000)
  to   space 3072K, 0% used [0x00000000d6e80000,0x00000000d6e80000,0x00000000d7180000)
 ParOldGen       total 68608K, used 16480K [0x0000000080000000, 0x0000000084300000, 0x00000000d5580000)
  object space 68608K, 24% used [0x0000000080000000,0x0000000081018090,0x0000000084300000)
 Metaspace       used 33958K, committed 35136K, reserved 1114112K
  class space    used 3439K, committed 3968K, reserved 1048576K
}
Event: 3.026 GC heap after
{Heap after GC invocations=13 (full 1):
 PSYoungGen      total 24576K, used 2160K [0x00000000d5580000, 0x00000000d7100000, 0x0000000100000000)
  eden space 22016K, 0% used [0x00000000d5580000,0x00000000d5580000,0x00000000d6b00000)
  from space 2560K, 84% used [0x00000000d6e80000,0x00000000d709c010,0x00000000d7100000)
  to   space 2560K, 0% used [0x00000000d6c00000,0x00000000d6c00000,0x00000000d6e80000)
 ParOldGen       total 68608K, used 18479K [0x0000000080000000, 0x0000000084300000, 0x00000000d5580000)
  object space 68608K, 26% used [0x0000000080000000,0x000000008120bc58,0x0000000084300000)
 Metaspace       used 33958K, committed 35136K, reserved 1114112K
  class space    used 3439K, committed 3968K, reserved 1048576K
}
Event: 3.097 GC heap before
{Heap before GC invocations=14 (full 1):
 PSYoungGen      total 24576K, used 8547K [0x00000000d5580000, 0x00000000d7100000, 0x0000000100000000)
  eden space 22016K, 29% used [0x00000000d5580000,0x00000000d5bbcf88,0x00000000d6b00000)
  from space 2560K, 84% used [0x00000000d6e80000,0x00000000d709c010,0x00000000d7100000)
  to   space 2560K, 0% used [0x00000000d6c00000,0x00000000d6c00000,0x00000000d6e80000)
 ParOldGen       total 68608K, used 18479K [0x0000000080000000, 0x0000000084300000, 0x00000000d5580000)
  object space 68608K, 26% used [0x0000000080000000,0x000000008120bc58,0x0000000084300000)
 Metaspace       used 34709K, committed 35840K, reserved 1114112K
  class space    used 3523K, committed 4032K, reserved 1048576K
}
Event: 3.099 GC heap after
{Heap after GC invocations=14 (full 1):
 PSYoungGen      total 23040K, used 747K [0x00000000d5580000, 0x00000000d6f00000, 0x0000000100000000)
  eden space 22016K, 0% used [0x00000000d5580000,0x00000000d5580000,0x00000000d6b00000)
  from space 1024K, 72% used [0x00000000d6c00000,0x00000000d6cbade0,0x00000000d6d00000)
  to   space 1536K, 0% used [0x00000000d6d80000,0x00000000d6d80000,0x00000000d6f00000)
 ParOldGen       total 68608K, used 20411K [0x0000000080000000, 0x0000000084300000, 0x00000000d5580000)
  object space 68608K, 29% used [0x0000000080000000,0x00000000813eed20,0x0000000084300000)
 Metaspace       used 34709K, committed 35840K, reserved 1114112K
  class space    used 3523K, committed 4032K, reserved 1048576K
}
Event: 3.099 GC heap before
{Heap before GC invocations=15 (full 2):
 PSYoungGen      total 23040K, used 747K [0x00000000d5580000, 0x00000000d6f00000, 0x0000000100000000)
  eden space 22016K, 0% used [0x00000000d5580000,0x00000000d5580000,0x00000000d6b00000)
  from space 1024K, 72% used [0x00000000d6c00000,0x00000000d6cbade0,0x00000000d6d00000)
  to   space 1536K, 0% used [0x00000000d6d80000,0x00000000d6d80000,0x00000000d6f00000)
 ParOldGen       total 68608K, used 20411K [0x0000000080000000, 0x0000000084300000, 0x00000000d5580000)
  object space 68608K, 29% used [0x0000000080000000,0x00000000813eed20,0x0000000084300000)
 Metaspace       used 34709K, committed 35840K, reserved 1114112K
  class space    used 3523K, committed 4032K, reserved 1048576K
}
Event: 3.126 GC heap after
{Heap after GC invocations=15 (full 2):
 PSYoungGen      total 23040K, used 0K [0x00000000d5580000, 0x00000000d6f00000, 0x0000000100000000)
  eden space 22016K, 0% used [0x00000000d5580000,0x00000000d5580000,0x00000000d6b00000)
  from space 1024K, 0% used [0x00000000d6c00000,0x00000000d6c00000,0x00000000d6d00000)
  to   space 1536K, 0% used [0x00000000d6d80000,0x00000000d6d80000,0x00000000d6f00000)
 ParOldGen       total 68608K, used 20108K [0x0000000080000000, 0x0000000084300000, 0x00000000d5580000)
  object space 68608K, 29% used [0x0000000080000000,0x00000000813a3010,0x0000000084300000)
 Metaspace       used 34709K, committed 35840K, reserved 1114112K
  class space    used 3523K, committed 4032K, reserved 1048576K
}
Event: 3.327 GC heap before
{Heap before GC invocations=16 (full 2):
 PSYoungGen      total 23040K, used 22016K [0x00000000d5580000, 0x00000000d6f00000, 0x0000000100000000)
  eden space 22016K, 100% used [0x00000000d5580000,0x00000000d6b00000,0x00000000d6b00000)
  from space 1024K, 0% used [0x00000000d6c00000,0x00000000d6c00000,0x00000000d6d00000)
  to   space 1536K, 0% used [0x00000000d6d80000,0x00000000d6d80000,0x00000000d6f00000)
 ParOldGen       total 68608K, used 20108K [0x0000000080000000, 0x0000000084300000, 0x00000000d5580000)
  object space 68608K, 29% used [0x0000000080000000,0x00000000813a3010,0x0000000084300000)
 Metaspace       used 36102K, committed 37248K, reserved 1114112K
  class space    used 3675K, committed 4160K, reserved 1048576K
}
Event: 3.332 GC heap after
{Heap after GC invocations=16 (full 2):
 PSYoungGen      total 15360K, used 1504K [0x00000000d5580000, 0x00000000d8000000, 0x0000000100000000)
  eden space 13824K, 0% used [0x00000000d5580000,0x00000000d5580000,0x00000000d6300000)
  from space 1536K, 97% used [0x00000000d6d80000,0x00000000d6ef8378,0x00000000d6f00000)
  to   space 10752K, 0% used [0x00000000d6300000,0x00000000d6300000,0x00000000d6d80000)
 ParOldGen       total 68608K, used 27641K [0x0000000080000000, 0x0000000084300000, 0x00000000d5580000)
  object space 68608K, 40% used [0x0000000080000000,0x0000000081afe408,0x0000000084300000)
 Metaspace       used 36102K, committed 37248K, reserved 1114112K
  class space    used 3675K, committed 4160K, reserved 1048576K
}
Event: 3.445 GC heap before
{Heap before GC invocations=17 (full 2):
 PSYoungGen      total 15360K, used 15328K [0x00000000d5580000, 0x00000000d8000000, 0x0000000100000000)
  eden space 13824K, 100% used [0x00000000d5580000,0x00000000d6300000,0x00000000d6300000)
  from space 1536K, 97% used [0x00000000d6d80000,0x00000000d6ef8378,0x00000000d6f00000)
  to   space 10752K, 0% used [0x00000000d6300000,0x00000000d6300000,0x00000000d6d80000)
 ParOldGen       total 68608K, used 27641K [0x0000000080000000, 0x0000000084300000, 0x00000000d5580000)
  object space 68608K, 40% used [0x0000000080000000,0x0000000081afe408,0x0000000084300000)
 Metaspace       used 37415K, committed 38592K, reserved 1114112K
  class space    used 3851K, committed 4352K, reserved 1048576K
}
Event: 3.448 GC heap after
{Heap after GC invocations=17 (full 2):
 PSYoungGen      total 16384K, used 2192K [0x00000000d5580000, 0x00000000d6e00000, 0x0000000100000000)
  eden space 13824K, 0% used [0x00000000d5580000,0x00000000d5580000,0x00000000d6300000)
  from space 2560K, 85% used [0x00000000d6300000,0x00000000d6524010,0x00000000d6580000)
  to   space 5120K, 0% used [0x00000000d6900000,0x00000000d6900000,0x00000000d6e00000)
 ParOldGen       total 68608K, used 28953K [0x0000000080000000, 0x0000000084300000, 0x00000000d5580000)
  object space 68608K, 42% used [0x0000000080000000,0x0000000081c464e8,0x0000000084300000)
 Metaspace       used 37415K, committed 38592K, reserved 1114112K
  class space    used 3851K, committed 4352K, reserved 1048576K
}
Event: 3.592 GC heap before
{Heap before GC invocations=18 (full 2):
 PSYoungGen      total 16384K, used 16016K [0x00000000d5580000, 0x00000000d6e00000, 0x0000000100000000)
  eden space 13824K, 100% used [0x00000000d5580000,0x00000000d6300000,0x00000000d6300000)
  from space 2560K, 85% used [0x00000000d6300000,0x00000000d6524010,0x00000000d6580000)
  to   space 5120K, 0% used [0x00000000d6900000,0x00000000d6900000,0x00000000d6e00000)
 ParOldGen       total 68608K, used 28953K [0x0000000080000000, 0x0000000084300000, 0x00000000d5580000)
  object space 68608K, 42% used [0x0000000080000000,0x0000000081c464e8,0x0000000084300000)
 Metaspace       used 38828K, committed 40064K, reserved 1114112K
  class space    used 4065K, committed 4672K, reserved 1048576K
}
Event: 3.595 GC heap after
{Heap after GC invocations=18 (full 2):
 PSYoungGen      total 14848K, used 717K [0x00000000d5580000, 0x00000000d6a00000, 0x0000000100000000)
  eden space 13824K, 0% used [0x00000000d5580000,0x00000000d5580000,0x00000000d6300000)
  from space 1024K, 70% used [0x00000000d6900000,0x00000000d69b3670,0x00000000d6a00000)
  to   space 2048K, 0% used [0x00000000d6600000,0x00000000d6600000,0x00000000d6800000)
 ParOldGen       total 68608K, used 30922K [0x0000000080000000, 0x0000000084300000, 0x00000000d5580000)
  object space 68608K, 45% used [0x0000000080000000,0x0000000081e32b78,0x0000000084300000)
 Metaspace       used 38828K, committed 40064K, reserved 1114112K
  class space    used 4065K, committed 4672K, reserved 1048576K
}
Event: 3.745 GC heap before
{Heap before GC invocations=19 (full 2):
 PSYoungGen      total 14848K, used 14541K [0x00000000d5580000, 0x00000000d6a00000, 0x0000000100000000)
  eden space 13824K, 100% used [0x00000000d5580000,0x00000000d6300000,0x00000000d6300000)
  from space 1024K, 70% used [0x00000000d6900000,0x00000000d69b3670,0x00000000d6a00000)
  to   space 2048K, 0% used [0x00000000d6600000,0x00000000d6600000,0x00000000d6800000)
 ParOldGen       total 68608K, used 30922K [0x0000000080000000, 0x0000000084300000, 0x00000000d5580000)
  object space 68608K, 45% used [0x0000000080000000,0x0000000081e32b78,0x0000000084300000)
 Metaspace       used 39680K, committed 40960K, reserved 1114112K
  class space    used 4177K, committed 4736K, reserved 1048576K
}
Event: 3.746 GC heap after
{Heap after GC invocations=19 (full 2):
 PSYoungGen      total 15872K, used 656K [0x00000000d5580000, 0x00000000d6980000, 0x0000000100000000)
  eden space 13824K, 0% used [0x00000000d5580000,0x00000000d5580000,0x00000000d6300000)
  from space 2048K, 32% used [0x00000000d6600000,0x00000000d66a41d0,0x00000000d6800000)
  to   space 1024K, 0% used [0x00000000d6880000,0x00000000d6880000,0x00000000d6980000)
 ParOldGen       total 68608K, used 31298K [0x0000000080000000, 0x0000000084300000, 0x00000000d5580000)
  object space 68608K, 45% used [0x0000000080000000,0x0000000081e90b78,0x0000000084300000)
 Metaspace       used 39680K, committed 40960K, reserved 1114112K
  class space    used 4177K, committed 4736K, reserved 1048576K
}
Event: 3.859 GC heap before
{Heap before GC invocations=20 (full 2):
 PSYoungGen      total 15872K, used 14480K [0x00000000d5580000, 0x00000000d6980000, 0x0000000100000000)
  eden space 13824K, 100% used [0x00000000d5580000,0x00000000d6300000,0x00000000d6300000)
  from space 2048K, 32% used [0x00000000d6600000,0x00000000d66a41d0,0x00000000d6800000)
  to   space 1024K, 0% used [0x00000000d6880000,0x00000000d6880000,0x00000000d6980000)
 ParOldGen       total 68608K, used 31298K [0x0000000080000000, 0x0000000084300000, 0x00000000d5580000)
  object space 68608K, 45% used [0x0000000080000000,0x0000000081e90b78,0x0000000084300000)
 Metaspace       used 40991K, committed 42240K, reserved 1114112K
  class space    used 4346K, committed 4928K, reserved 1048576K
}
Event: 3.861 GC heap after
{Heap after GC invocations=20 (full 2):
 PSYoungGen      total 14848K, used 640K [0x00000000d5580000, 0x00000000d6980000, 0x0000000100000000)
  eden space 13824K, 0% used [0x00000000d5580000,0x00000000d5580000,0x00000000d6300000)
  from space 1024K, 62% used [0x00000000d6880000,0x00000000d6920000,0x00000000d6980000)
  to   space 1024K, 0% used [0x00000000d6780000,0x00000000d6780000,0x00000000d6880000)
 ParOldGen       total 68608K, used 31634K [0x0000000080000000, 0x0000000084300000, 0x00000000d5580000)
  object space 68608K, 46% used [0x0000000080000000,0x0000000081ee4b78,0x0000000084300000)
 Metaspace       used 40991K, committed 42240K, reserved 1114112K
  class space    used 4346K, committed 4928K, reserved 1048576K
}
Event: 3.987 GC heap before
{Heap before GC invocations=21 (full 2):
 PSYoungGen      total 14848K, used 14464K [0x00000000d5580000, 0x00000000d6980000, 0x0000000100000000)
  eden space 13824K, 100% used [0x00000000d5580000,0x00000000d6300000,0x00000000d6300000)
  from space 1024K, 62% used [0x00000000d6880000,0x00000000d6920000,0x00000000d6980000)
  to   space 1024K, 0% used [0x00000000d6780000,0x00000000d6780000,0x00000000d6880000)
 ParOldGen       total 68608K, used 31634K [0x0000000080000000, 0x0000000084300000, 0x00000000d5580000)
  object space 68608K, 46% used [0x0000000080000000,0x0000000081ee4b78,0x0000000084300000)
 Metaspace       used 42620K, committed 43840K, reserved 1114112K
  class space    used 4558K, committed 5120K, reserved 1048576K
}
Event: 3.988 GC heap after
{Heap after GC invocations=21 (full 2):
 PSYoungGen      total 14848K, used 864K [0x00000000d5580000, 0x00000000d6900000, 0x0000000100000000)
  eden space 13824K, 0% used [0x00000000d5580000,0x00000000d5580000,0x00000000d6300000)
  from space 1024K, 84% used [0x00000000d6780000,0x00000000d6858000,0x00000000d6880000)
  to   space 512K, 0% used [0x00000000d6880000,0x00000000d6880000,0x00000000d6900000)
 ParOldGen       total 68608K, used 32026K [0x0000000080000000, 0x0000000084300000, 0x00000000d5580000)
  object space 68608K, 46% used [0x0000000080000000,0x0000000081f46b78,0x0000000084300000)
 Metaspace       used 42620K, committed 43840K, reserved 1114112K
  class space    used 4558K, committed 5120K, reserved 1048576K
}

