# JRE version: OpenJDK Runtime Environment Temurin-21.0.8+9 (21.0.8+9) (build 21.0.8+9-LTS)
# Java VM: OpenJDK 64-Bit Server VM Temurin-21.0.8+9 (21.0.8+9-LTS, mixed mode, sharing, tiered, compressed oops, compressed class ptrs, parallel gc, windows-amd64)
GC Precious Log:
 CardTable entry size: 512
 CPUs: 16 total, 16 available
 Memory: 16013M
 Large Page Support: Disabled
 NUMA Support: Disabled
 Compressed Oops: Enabled (32-bit)
 Alignments: Space 512K, Generation 512K, Heap 2M
 Heap Min Capacity: 100M
 Heap Initial Capacity: 100M
 Heap Max Capacity: 2G
 Pre-touch: Disabled
 Parallel Workers: 13
Heap:
 PSYoungGen      total 16896K, used 9058K [0x00000000d5580000, 0x00000000d6800000, 0x0000000100000000)
  eden space 13312K, 56% used [0x00000000d5580000,0x00000000d5cd8818,0x00000000d6280000)
  from space 3584K, 42% used [0x00000000d6280000,0x00000000d6400000,0x00000000d6600000)
  to   space 2048K, 0% used [0x00000000d6600000,0x00000000d6600000,0x00000000d6800000)
 ParOldGen       total 68608K, used 46957K [0x0000000080000000, 0x0000000084300000, 0x00000000d5580000)
  object space 68608K, 68% used [0x0000000080000000,0x0000000082ddb5a0,0x0000000084300000)
 Metaspace       used 53995K, committed 55296K, reserved 1114112K
  class space    used 5896K, committed 6400K, reserved 1048576K
GC Heap History (20 events):
Event: 27.577 GC heap before
{Heap before GC invocations=22 (full 2):
 PSYoungGen      total 14848K, used 13968K [0x00000000d5580000, 0x00000000d6b80000, 0x0000000100000000)
  eden space 13312K, 100% used [0x00000000d5580000,0x00000000d6280000,0x00000000d6280000)
  from space 1536K, 42% used [0x00000000d6900000,0x00000000d69a4030,0x00000000d6a80000)
  to   space 1024K, 0% used [0x00000000d6a80000,0x00000000d6a80000,0x00000000d6b80000)
 ParOldGen       total 68608K, used 32927K [0x0000000080000000, 0x0000000084300000, 0x00000000d5580000)
  object space 68608K, 47% used [0x0000000080000000,0x0000000082027de8,0x0000000084300000)
 Metaspace       used 47216K, committed 48448K, reserved 1114112K
  class space    used 5103K, committed 5632K, reserved 1048576K
}
Event: 27.578 GC heap after
{Heap after GC invocations=22 (full 2):
 PSYoungGen      total 14336K, used 896K [0x00000000d5580000, 0x00000000d6b80000, 0x0000000100000000)
  eden space 13312K, 0% used [0x00000000d5580000,0x00000000d5580000,0x00000000d6280000)
  from space 1024K, 87% used [0x00000000d6a80000,0x00000000d6b60000,0x00000000d6b80000)
  to   space 1024K, 0% used [0x00000000d6980000,0x00000000d6980000,0x00000000d6a80000)
 ParOldGen       total 68608K, used 33375K [0x0000000080000000, 0x0000000084300000, 0x00000000d5580000)
  object space 68608K, 48% used [0x0000000080000000,0x0000000082097e40,0x0000000084300000)
 Metaspace       used 47216K, committed 48448K, reserved 1114112K
  class space    used 5103K, committed 5632K, reserved 1048576K
}
Event: 27.712 GC heap before
{Heap before GC invocations=23 (full 2):
 PSYoungGen      total 14336K, used 13889K [0x00000000d5580000, 0x00000000d6b80000, 0x0000000100000000)
  eden space 13312K, 97% used [0x00000000d5580000,0x00000000d62305b8,0x00000000d6280000)
  from space 1024K, 87% used [0x00000000d6a80000,0x00000000d6b60000,0x00000000d6b80000)
  to   space 1024K, 0% used [0x00000000d6980000,0x00000000d6980000,0x00000000d6a80000)
 ParOldGen       total 68608K, used 33375K [0x0000000080000000, 0x0000000084300000, 0x00000000d5580000)
  object space 68608K, 48% used [0x0000000080000000,0x0000000082097e40,0x0000000084300000)
 Metaspace       used 48859K, committed 50048K, reserved 1114112K
  class space    used 5303K, committed 5824K, reserved 1048576K
}
Event: 27.713 GC heap after
{Heap after GC invocations=23 (full 2):
 PSYoungGen      total 14336K, used 1024K [0x00000000d5580000, 0x00000000d6b00000, 0x0000000100000000)
  eden space 13312K, 0% used [0x00000000d5580000,0x00000000d5580000,0x00000000d6280000)
  from space 1024K, 100% used [0x00000000d6980000,0x00000000d6a80000,0x00000000d6a80000)
  to   space 512K, 0% used [0x00000000d6a80000,0x00000000d6a80000,0x00000000d6b00000)
 ParOldGen       total 68608K, used 33982K [0x0000000080000000, 0x0000000084300000, 0x00000000d5580000)
  object space 68608K, 49% used [0x0000000080000000,0x000000008212fb40,0x0000000084300000)
 Metaspace       used 48859K, committed 50048K, reserved 1114112K
  class space    used 5303K, committed 5824K, reserved 1048576K
}
Event: 27.863 GC heap before
{Heap before GC invocations=24 (full 2):
 PSYoungGen      total 14336K, used 14336K [0x00000000d5580000, 0x00000000d6b00000, 0x0000000100000000)
  eden space 13312K, 100% used [0x00000000d5580000,0x00000000d6280000,0x00000000d6280000)
  from space 1024K, 100% used [0x00000000d6980000,0x00000000d6a80000,0x00000000d6a80000)
  to   space 512K, 0% used [0x00000000d6a80000,0x00000000d6a80000,0x00000000d6b00000)
 ParOldGen       total 68608K, used 33982K [0x0000000080000000, 0x0000000084300000, 0x00000000d5580000)
  object space 68608K, 49% used [0x0000000080000000,0x000000008212fb40,0x0000000084300000)
 Metaspace       used 50219K, committed 51392K, reserved 1114112K
  class space    used 5490K, committed 6016K, reserved 1048576K
}
Event: 27.866 GC heap after
{Heap after GC invocations=24 (full 2):
 PSYoungGen      total 13824K, used 499K [0x00000000d5580000, 0x00000000d6b00000, 0x0000000100000000)
  eden space 13312K, 0% used [0x00000000d5580000,0x00000000d5580000,0x00000000d6280000)
  from space 512K, 97% used [0x00000000d6a80000,0x00000000d6afcc58,0x00000000d6b00000)
  to   space 4096K, 0% used [0x00000000d6300000,0x00000000d6300000,0x00000000d6700000)
 ParOldGen       total 68608K, used 36816K [0x0000000080000000, 0x0000000084300000, 0x00000000d5580000)
  object space 68608K, 53% used [0x0000000080000000,0x00000000823f42a0,0x0000000084300000)
 Metaspace       used 50219K, committed 51392K, reserved 1114112K
  class space    used 5490K, committed 6016K, reserved 1048576K
}
Event: 28.024 GC heap before
{Heap before GC invocations=25 (full 2):
 PSYoungGen      total 13824K, used 13811K [0x00000000d5580000, 0x00000000d6b00000, 0x0000000100000000)
  eden space 13312K, 100% used [0x00000000d5580000,0x00000000d6280000,0x00000000d6280000)
  from space 512K, 97% used [0x00000000d6a80000,0x00000000d6afcc58,0x00000000d6b00000)
  to   space 4096K, 0% used [0x00000000d6300000,0x00000000d6300000,0x00000000d6700000)
 ParOldGen       total 68608K, used 36816K [0x0000000080000000, 0x0000000084300000, 0x00000000d5580000)
  object space 68608K, 53% used [0x0000000080000000,0x00000000823f42a0,0x0000000084300000)
 Metaspace       used 51635K, committed 52800K, reserved 1114112K
  class space    used 5660K, committed 6144K, reserved 1048576K
}
Event: 28.025 GC heap after
{Heap after GC invocations=25 (full 2):
 PSYoungGen      total 17408K, used 1120K [0x00000000d5580000, 0x00000000d6b00000, 0x0000000100000000)
  eden space 13312K, 0% used [0x00000000d5580000,0x00000000d5580000,0x00000000d6280000)
  from space 4096K, 27% used [0x00000000d6300000,0x00000000d6418010,0x00000000d6700000)
  to   space 2048K, 0% used [0x00000000d6900000,0x00000000d6900000,0x00000000d6b00000)
 ParOldGen       total 68608K, used 37184K [0x0000000080000000, 0x0000000084300000, 0x00000000d5580000)
  object space 68608K, 54% used [0x0000000080000000,0x00000000824502a0,0x0000000084300000)
 Metaspace       used 51635K, committed 52800K, reserved 1114112K
  class space    used 5660K, committed 6144K, reserved 1048576K
}
Event: 28.111 GC heap before
{Heap before GC invocations=26 (full 2):
 PSYoungGen      total 17408K, used 14432K [0x00000000d5580000, 0x00000000d6b00000, 0x0000000100000000)
  eden space 13312K, 100% used [0x00000000d5580000,0x00000000d6280000,0x00000000d6280000)
  from space 4096K, 27% used [0x00000000d6300000,0x00000000d6418010,0x00000000d6700000)
  to   space 2048K, 0% used [0x00000000d6900000,0x00000000d6900000,0x00000000d6b00000)
 ParOldGen       total 68608K, used 37184K [0x0000000080000000, 0x0000000084300000, 0x00000000d5580000)
  object space 68608K, 54% used [0x0000000080000000,0x00000000824502a0,0x0000000084300000)
 Metaspace       used 51887K, committed 53120K, reserved 1114112K
  class space    used 5696K, committed 6208K, reserved 1048576K
}
Event: 28.112 GC heap after
{Heap after GC invocations=26 (full 2):
 PSYoungGen      total 14336K, used 672K [0x00000000d5580000, 0x00000000d6a00000, 0x0000000100000000)
  eden space 13312K, 0% used [0x00000000d5580000,0x00000000d5580000,0x00000000d6280000)
  from space 1024K, 65% used [0x00000000d6900000,0x00000000d69a8000,0x00000000d6a00000)
  to   space 1024K, 0% used [0x00000000d6800000,0x00000000d6800000,0x00000000d6900000)
 ParOldGen       total 68608K, used 38062K [0x0000000080000000, 0x0000000084300000, 0x00000000d5580000)
  object space 68608K, 55% used [0x0000000080000000,0x000000008252bab0,0x0000000084300000)
 Metaspace       used 51887K, committed 53120K, reserved 1114112K
  class space    used 5696K, committed 6208K, reserved 1048576K
}
Event: 28.324 GC heap before
{Heap before GC invocations=27 (full 2):
 PSYoungGen      total 14336K, used 13983K [0x00000000d5580000, 0x00000000d6a00000, 0x0000000100000000)
  eden space 13312K, 99% used [0x00000000d5580000,0x00000000d627fff0,0x00000000d6280000)
  from space 1024K, 65% used [0x00000000d6900000,0x00000000d69a8000,0x00000000d6a00000)
  to   space 1024K, 0% used [0x00000000d6800000,0x00000000d6800000,0x00000000d6900000)
 ParOldGen       total 68608K, used 38062K [0x0000000080000000, 0x0000000084300000, 0x00000000d5580000)
  object space 68608K, 55% used [0x0000000080000000,0x000000008252bab0,0x0000000084300000)
 Metaspace       used 53513K, committed 54784K, reserved 1114112K
  class space    used 5838K, committed 6336K, reserved 1048576K
}
Event: 28.326 GC heap after
{Heap after GC invocations=27 (full 2):
 PSYoungGen      total 14336K, used 1000K [0x00000000d5580000, 0x00000000d6980000, 0x0000000100000000)
  eden space 13312K, 0% used [0x00000000d5580000,0x00000000d5580000,0x00000000d6280000)
  from space 1024K, 97% used [0x00000000d6800000,0x00000000d68fa1d8,0x00000000d6900000)
  to   space 512K, 0% used [0x00000000d6900000,0x00000000d6900000,0x00000000d6980000)
 ParOldGen       total 68608K, used 38654K [0x0000000080000000, 0x0000000084300000, 0x00000000d5580000)
  object space 68608K, 56% used [0x0000000080000000,0x00000000825bfac0,0x0000000084300000)
 Metaspace       used 53513K, committed 54784K, reserved 1114112K
  class space    used 5838K, committed 6336K, reserved 1048576K
}
Event: 28.389 GC heap before
{Heap before GC invocations=28 (full 2):
 PSYoungGen      total 14336K, used 14312K [0x00000000d5580000, 0x00000000d6980000, 0x0000000100000000)
  eden space 13312K, 100% used [0x00000000d5580000,0x00000000d6280000,0x00000000d6280000)
  from space 1024K, 97% used [0x00000000d6800000,0x00000000d68fa1d8,0x00000000d6900000)
  to   space 512K, 0% used [0x00000000d6900000,0x00000000d6900000,0x00000000d6980000)
 ParOldGen       total 68608K, used 38654K [0x0000000080000000, 0x0000000084300000, 0x00000000d5580000)
  object space 68608K, 56% used [0x0000000080000000,0x00000000825bfac0,0x0000000084300000)
 Metaspace       used 53620K, committed 54848K, reserved 1114112K
  class space    used 5843K, committed 6336K, reserved 1048576K
}
Event: 28.391 GC heap after
{Heap after GC invocations=28 (full 2):
 PSYoungGen      total 13824K, used 480K [0x00000000d5580000, 0x00000000d6980000, 0x0000000100000000)
  eden space 13312K, 0% used [0x00000000d5580000,0x00000000d5580000,0x00000000d6280000)
  from space 512K, 93% used [0x00000000d6900000,0x00000000d6978010,0x00000000d6980000)
  to   space 2560K, 0% used [0x00000000d6480000,0x00000000d6480000,0x00000000d6700000)
 ParOldGen       total 68608K, used 40496K [0x0000000080000000, 0x0000000084300000, 0x00000000d5580000)
  object space 68608K, 59% used [0x0000000080000000,0x000000008278c3b0,0x0000000084300000)
 Metaspace       used 53620K, committed 54848K, reserved 1114112K
  class space    used 5843K, committed 6336K, reserved 1048576K
}
Event: 28.448 GC heap before
{Heap before GC invocations=29 (full 2):
 PSYoungGen      total 13824K, used 13792K [0x00000000d5580000, 0x00000000d6980000, 0x0000000100000000)
  eden space 13312K, 100% used [0x00000000d5580000,0x00000000d6280000,0x00000000d6280000)
  from space 512K, 93% used [0x00000000d6900000,0x00000000d6978010,0x00000000d6980000)
  to   space 2560K, 0% used [0x00000000d6480000,0x00000000d6480000,0x00000000d6700000)
 ParOldGen       total 68608K, used 40496K [0x0000000080000000, 0x0000000084300000, 0x00000000d5580000)
  object space 68608K, 59% used [0x0000000080000000,0x000000008278c3b0,0x0000000084300000)
 Metaspace       used 53806K, committed 55040K, reserved 1114112K
  class space    used 5871K, committed 6336K, reserved 1048576K
}
Event: 28.450 GC heap after
{Heap after GC invocations=29 (full 2):
 PSYoungGen      total 15872K, used 1777K [0x00000000d5580000, 0x00000000d6980000, 0x0000000100000000)
  eden space 13312K, 0% used [0x00000000d5580000,0x00000000d5580000,0x00000000d6280000)
  from space 2560K, 69% used [0x00000000d6480000,0x00000000d663c410,0x00000000d6700000)
  to   space 2048K, 0% used [0x00000000d6780000,0x00000000d6780000,0x00000000d6980000)
 ParOldGen       total 68608K, used 40960K [0x0000000080000000, 0x0000000084300000, 0x00000000d5580000)
  object space 68608K, 59% used [0x0000000080000000,0x00000000828003b0,0x0000000084300000)
 Metaspace       used 53806K, committed 55040K, reserved 1114112K
  class space    used 5871K, committed 6336K, reserved 1048576K
}
Event: 28.485 GC heap before
{Heap before GC invocations=30 (full 2):
 PSYoungGen      total 15872K, used 15089K [0x00000000d5580000, 0x00000000d6980000, 0x0000000100000000)
  eden space 13312K, 100% used [0x00000000d5580000,0x00000000d6280000,0x00000000d6280000)
  from space 2560K, 69% used [0x00000000d6480000,0x00000000d663c410,0x00000000d6700000)
  to   space 2048K, 0% used [0x00000000d6780000,0x00000000d6780000,0x00000000d6980000)
 ParOldGen       total 68608K, used 40960K [0x0000000080000000, 0x0000000084300000, 0x00000000d5580000)
  object space 68608K, 59% used [0x0000000080000000,0x00000000828003b0,0x0000000084300000)
 Metaspace       used 53970K, committed 55232K, reserved 1114112K
  class space    used 5896K, committed 6400K, reserved 1048576K
}
Event: 28.487 GC heap after
{Heap after GC invocations=30 (full 2):
 PSYoungGen      total 15360K, used 1632K [0x00000000d5580000, 0x00000000d6980000, 0x0000000100000000)
  eden space 13312K, 0% used [0x00000000d5580000,0x00000000d5580000,0x00000000d6280000)
  from space 2048K, 79% used [0x00000000d6780000,0x00000000d6918020,0x00000000d6980000)
  to   space 2048K, 0% used [0x00000000d6580000,0x00000000d6580000,0x00000000d6780000)
 ParOldGen       total 68608K, used 42489K [0x0000000080000000, 0x0000000084300000, 0x00000000d5580000)
  object space 68608K, 61% used [0x0000000080000000,0x000000008297e7b0,0x0000000084300000)
 Metaspace       used 53970K, committed 55232K, reserved 1114112K
  class space    used 5896K, committed 6400K, reserved 1048576K
}
Event: 28.519 GC heap before
{Heap before GC invocations=31 (full 2):
 PSYoungGen      total 15360K, used 14944K [0x00000000d5580000, 0x00000000d6980000, 0x0000000100000000)
  eden space 13312K, 100% used [0x00000000d5580000,0x00000000d6280000,0x00000000d6280000)
  from space 2048K, 79% used [0x00000000d6780000,0x00000000d6918020,0x00000000d6980000)
  to   space 2048K, 0% used [0x00000000d6580000,0x00000000d6580000,0x00000000d6780000)
 ParOldGen       total 68608K, used 42489K [0x0000000080000000, 0x0000000084300000, 0x00000000d5580000)
  object space 68608K, 61% used [0x0000000080000000,0x000000008297e7b0,0x0000000084300000)
 Metaspace       used 53988K, committed 55232K, reserved 1114112K
  class space    used 5896K, committed 6400K, reserved 1048576K
}
Event: 28.521 GC heap after
{Heap after GC invocations=31 (full 2):
 PSYoungGen      total 15360K, used 1762K [0x00000000d5580000, 0x00000000d6800000, 0x0000000100000000)
  eden space 13312K, 0% used [0x00000000d5580000,0x00000000d5580000,0x00000000d6280000)
  from space 2048K, 86% used [0x00000000d6580000,0x00000000d6738800,0x00000000d6780000)
  to   space 512K, 0% used [0x00000000d6780000,0x00000000d6780000,0x00000000d6800000)
 ParOldGen       total 68608K, used 43957K [0x0000000080000000, 0x0000000084300000, 0x00000000d5580000)
  object space 68608K, 64% used [0x0000000080000000,0x0000000082aed4a0,0x0000000084300000)
 Metaspace       used 53988K, committed 55232K, reserved 1114112K
  class space    used 5896K, committed 6400K, reserved 1048576K
}

